<?xml version="1.0" encoding="UTF-8"?>
<testsuite xmlns:xsi="http://www.w3.org/2001/XMLSchema-instance" xsi:noNamespaceSchemaLocation="https://maven.apache.org/surefire/maven-surefire-plugin/xsd/surefire-test-report.xsd" version="3.0.2" name="bor.tools.simplerag.config.LLMServiceConfigTest" time="4.445" tests="5" errors="0" skipped="0" failures="0">
  <properties>
    <property name="java.specification.version" value="21"/>
    <property name="sun.jnu.encoding" value="UTF-8"/>
    <property name="java.class.path" value="/mnt/f/1-ProjetosIA/github/JSimpleRag/target/test-classes:/mnt/f/1-ProjetosIA/github/JSimpleRag/target/classes:/home/alessandro/.m2/repository/org/springframework/boot/spring-boot-starter-web/3.5.5/spring-boot-starter-web-3.5.5.jar:/home/alessandro/.m2/repository/org/springframework/boot/spring-boot-starter/3.5.5/spring-boot-starter-3.5.5.jar:/home/alessandro/.m2/repository/org/springframework/boot/spring-boot/3.5.5/spring-boot-3.5.5.jar:/home/alessandro/.m2/repository/org/springframework/boot/spring-boot-autoconfigure/3.5.5/spring-boot-autoconfigure-3.5.5.jar:/home/alessandro/.m2/repository/org/springframework/boot/spring-boot-starter-logging/3.5.5/spring-boot-starter-logging-3.5.5.jar:/home/alessandro/.m2/repository/ch/qos/logback/logback-classic/1.5.18/logback-classic-1.5.18.jar:/home/alessandro/.m2/repository/ch/qos/logback/logback-core/1.5.18/logback-core-1.5.18.jar:/home/alessandro/.m2/repository/org/apache/logging/log4j/log4j-to-slf4j/2.24.3/log4j-to-slf4j-2.24.3.jar:/home/alessandro/.m2/repository/org/slf4j/jul-to-slf4j/2.0.17/jul-to-slf4j-2.0.17.jar:/home/alessandro/.m2/repository/jakarta/annotation/jakarta.annotation-api/2.1.1/jakarta.annotation-api-2.1.1.jar:/home/alessandro/.m2/repository/org/springframework/boot/spring-boot-starter-json/3.5.5/spring-boot-starter-json-3.5.5.jar:/home/alessandro/.m2/repository/com/fasterxml/jackson/datatype/jackson-datatype-jdk8/2.19.2/jackson-datatype-jdk8-2.19.2.jar:/home/alessandro/.m2/repository/com/fasterxml/jackson/module/jackson-module-parameter-names/2.19.2/jackson-module-parameter-names-2.19.2.jar:/home/alessandro/.m2/repository/org/springframework/boot/spring-boot-starter-tomcat/3.5.5/spring-boot-starter-tomcat-3.5.5.jar:/home/alessandro/.m2/repository/org/apache/tomcat/embed/tomcat-embed-core/10.1.44/tomcat-embed-core-10.1.44.jar:/home/alessandro/.m2/repository/org/apache/tomcat/embed/tomcat-embed-websocket/10.1.44/tomcat-embed-websocket-10.1.44.jar:/home/alessandro/.m2/repository/org/springframework/spring-web/6.2.10/spring-web-6.2.10.jar:/home/alessandro/.m2/repository/org/springframework/spring-beans/6.2.10/spring-beans-6.2.10.jar:/home/alessandro/.m2/repository/io/micrometer/micrometer-observation/1.15.3/micrometer-observation-1.15.3.jar:/home/alessandro/.m2/repository/io/micrometer/micrometer-commons/1.15.3/micrometer-commons-1.15.3.jar:/home/alessandro/.m2/repository/org/springframework/spring-webmvc/6.2.10/spring-webmvc-6.2.10.jar:/home/alessandro/.m2/repository/org/springframework/spring-aop/6.2.10/spring-aop-6.2.10.jar:/home/alessandro/.m2/repository/org/springframework/spring-context/6.2.10/spring-context-6.2.10.jar:/home/alessandro/.m2/repository/org/springframework/spring-expression/6.2.10/spring-expression-6.2.10.jar:/home/alessandro/.m2/repository/org/springframework/boot/spring-boot-starter-data-jpa/3.5.5/spring-boot-starter-data-jpa-3.5.5.jar:/home/alessandro/.m2/repository/org/hibernate/orm/hibernate-core/6.6.26.Final/hibernate-core-6.6.26.Final.jar:/home/alessandro/.m2/repository/jakarta/persistence/jakarta.persistence-api/3.1.0/jakarta.persistence-api-3.1.0.jar:/home/alessandro/.m2/repository/jakarta/transaction/jakarta.transaction-api/2.0.1/jakarta.transaction-api-2.0.1.jar:/home/alessandro/.m2/repository/org/jboss/logging/jboss-logging/3.6.1.Final/jboss-logging-3.6.1.Final.jar:/home/alessandro/.m2/repository/org/hibernate/common/hibernate-commons-annotations/7.0.3.Final/hibernate-commons-annotations-7.0.3.Final.jar:/home/alessandro/.m2/repository/io/smallrye/jandex/3.2.0/jandex-3.2.0.jar:/home/alessandro/.m2/repository/com/fasterxml/classmate/1.7.0/classmate-1.7.0.jar:/home/alessandro/.m2/repository/net/bytebuddy/byte-buddy/1.17.7/byte-buddy-1.17.7.jar:/home/alessandro/.m2/repository/org/glassfish/jaxb/jaxb-runtime/4.0.5/jaxb-runtime-4.0.5.jar:/home/alessandro/.m2/repository/org/glassfish/jaxb/jaxb-core/4.0.5/jaxb-core-4.0.5.jar:/home/alessandro/.m2/repository/org/eclipse/angus/angus-activation/2.0.2/angus-activation-2.0.2.jar:/home/alessandro/.m2/repository/org/glassfish/jaxb/txw2/4.0.5/txw2-4.0.5.jar:/home/alessandro/.m2/repository/com/sun/istack/istack-commons-runtime/4.1.2/istack-commons-runtime-4.1.2.jar:/home/alessandro/.m2/repository/jakarta/inject/jakarta.inject-api/2.0.1/jakarta.inject-api-2.0.1.jar:/home/alessandro/.m2/repository/org/antlr/antlr4-runtime/4.13.0/antlr4-runtime-4.13.0.jar:/home/alessandro/.m2/repository/org/springframework/data/spring-data-jpa/3.5.3/spring-data-jpa-3.5.3.jar:/home/alessandro/.m2/repository/org/springframework/data/spring-data-commons/3.5.3/spring-data-commons-3.5.3.jar:/home/alessandro/.m2/repository/org/springframework/spring-orm/6.2.10/spring-orm-6.2.10.jar:/home/alessandro/.m2/repository/org/springframework/spring-tx/6.2.10/spring-tx-6.2.10.jar:/home/alessandro/.m2/repository/org/springframework/spring-aspects/6.2.10/spring-aspects-6.2.10.jar:/home/alessandro/.m2/repository/org/aspectj/aspectjweaver/1.9.24/aspectjweaver-1.9.24.jar:/home/alessandro/.m2/repository/org/springframework/boot/spring-boot-starter-validation/3.5.5/spring-boot-starter-validation-3.5.5.jar:/home/alessandro/.m2/repository/org/apache/tomcat/embed/tomcat-embed-el/10.1.44/tomcat-embed-el-10.1.44.jar:/home/alessandro/.m2/repository/org/hibernate/validator/hibernate-validator/8.0.3.Final/hibernate-validator-8.0.3.Final.jar:/home/alessandro/.m2/repository/jakarta/validation/jakarta.validation-api/3.0.2/jakarta.validation-api-3.0.2.jar:/home/alessandro/.m2/repository/org/springframework/boot/spring-boot-starter-jdbc/3.5.5/spring-boot-starter-jdbc-3.5.5.jar:/home/alessandro/.m2/repository/com/zaxxer/HikariCP/6.3.2/HikariCP-6.3.2.jar:/home/alessandro/.m2/repository/org/springframework/spring-jdbc/6.2.10/spring-jdbc-6.2.10.jar:/home/alessandro/.m2/repository/org/postgresql/postgresql/42.7.7/postgresql-42.7.7.jar:/home/alessandro/.m2/repository/org/checkerframework/checker-qual/3.49.3/checker-qual-3.49.3.jar:/home/alessandro/.m2/repository/org/liquibase/liquibase-core/4.31.1/liquibase-core-4.31.1.jar:/home/alessandro/.m2/repository/com/opencsv/opencsv/5.9/opencsv-5.9.jar:/home/alessandro/.m2/repository/org/yaml/snakeyaml/2.4/snakeyaml-2.4.jar:/home/alessandro/.m2/repository/javax/xml/bind/jaxb-api/2.3.1/jaxb-api-2.3.1.jar:/home/alessandro/.m2/repository/org/apache/commons/commons-collections4/4.4/commons-collections4-4.4.jar:/home/alessandro/.m2/repository/org/apache/commons/commons-text/1.13.0/commons-text-1.13.0.jar:/home/alessandro/.m2/repository/org/apache/commons/commons-lang3/3.17.0/commons-lang3-3.17.0.jar:/home/alessandro/.m2/repository/commons-io/commons-io/2.18.0/commons-io-2.18.0.jar:/home/alessandro/.m2/repository/me/paulschwarz/spring-dotenv/3.0.0/spring-dotenv-3.0.0.jar:/home/alessandro/.m2/repository/io/github/cdimascio/dotenv-java/2.2.4/dotenv-java-2.2.4.jar:/home/alessandro/.m2/repository/org/projectlombok/lombok/1.18.38/lombok-1.18.38.jar:/home/alessandro/.m2/repository/org/mapstruct/mapstruct/1.5.5.Final/mapstruct-1.5.5.Final.jar:/home/alessandro/.m2/repository/org/mapstruct/mapstruct-processor/1.5.5.Final/mapstruct-processor-1.5.5.Final.jar:/home/alessandro/.m2/repository/org/springdoc/springdoc-openapi-starter-webmvc-ui/2.2.0/springdoc-openapi-starter-webmvc-ui-2.2.0.jar:/home/alessandro/.m2/repository/org/springdoc/springdoc-openapi-starter-webmvc-api/2.2.0/springdoc-openapi-starter-webmvc-api-2.2.0.jar:/home/alessandro/.m2/repository/org/springdoc/springdoc-openapi-starter-common/2.2.0/springdoc-openapi-starter-common-2.2.0.jar:/home/alessandro/.m2/repository/io/swagger/core/v3/swagger-core-jakarta/2.2.15/swagger-core-jakarta-2.2.15.jar:/home/alessandro/.m2/repository/io/swagger/core/v3/swagger-annotations-jakarta/2.2.15/swagger-annotations-jakarta-2.2.15.jar:/home/alessandro/.m2/repository/io/swagger/core/v3/swagger-models-jakarta/2.2.15/swagger-models-jakarta-2.2.15.jar:/home/alessandro/.m2/repository/com/fasterxml/jackson/dataformat/jackson-dataformat-yaml/2.19.2/jackson-dataformat-yaml-2.19.2.jar:/home/alessandro/.m2/repository/org/webjars/swagger-ui/5.2.0/swagger-ui-5.2.0.jar:/home/alessandro/.m2/repository/io/hypersistence/hypersistence-utils-hibernate-62/3.5.1/hypersistence-utils-hibernate-62-3.5.1.jar:/home/alessandro/.m2/repository/jakarta/xml/bind/jakarta.xml.bind-api/4.0.2/jakarta.xml.bind-api-4.0.2.jar:/home/alessandro/.m2/repository/jakarta/activation/jakarta.activation-api/2.1.3/jakarta.activation-api-2.1.3.jar:/home/alessandro/.m2/repository/io/hypersistence/hypersistence-tsid/2.0.0/hypersistence-tsid-2.0.0.jar:/home/alessandro/.m2/repository/bor/tools/JSimpleLLM/0.0.1-SNAPSHOT/JSimpleLLM-0.0.1-SNAPSHOT.jar:/home/alessandro/.m2/repository/org/slf4j/slf4j-api/2.0.17/slf4j-api-2.0.17.jar:/home/alessandro/.m2/repository/com/fasterxml/jackson/core/jackson-databind/2.19.2/jackson-databind-2.19.2.jar:/home/alessandro/.m2/repository/com/fasterxml/jackson/core/jackson-annotations/2.19.2/jackson-annotations-2.19.2.jar:/home/alessandro/.m2/repository/com/fasterxml/jackson/core/jackson-core/2.19.2/jackson-core-2.19.2.jar:/home/alessandro/.m2/repository/com/fasterxml/jackson/datatype/jackson-datatype-jsr310/2.19.2/jackson-datatype-jsr310-2.19.2.jar:/home/alessandro/.m2/repository/com/knuddels/jtokkit/1.1.0/jtokkit-1.1.0.jar:/home/alessandro/.m2/repository/org/springframework/boot/spring-boot-starter-test/3.5.5/spring-boot-starter-test-3.5.5.jar:/home/alessandro/.m2/repository/org/springframework/boot/spring-boot-test/3.5.5/spring-boot-test-3.5.5.jar:/home/alessandro/.m2/repository/org/springframework/boot/spring-boot-test-autoconfigure/3.5.5/spring-boot-test-autoconfigure-3.5.5.jar:/home/alessandro/.m2/repository/com/jayway/jsonpath/json-path/2.9.0/json-path-2.9.0.jar:/home/alessandro/.m2/repository/net/minidev/json-smart/2.5.2/json-smart-2.5.2.jar:/home/alessandro/.m2/repository/net/minidev/accessors-smart/2.5.2/accessors-smart-2.5.2.jar:/home/alessandro/.m2/repository/org/assertj/assertj-core/3.27.4/assertj-core-3.27.4.jar:/home/alessandro/.m2/repository/org/awaitility/awaitility/4.2.2/awaitility-4.2.2.jar:/home/alessandro/.m2/repository/org/hamcrest/hamcrest/3.0/hamcrest-3.0.jar:/home/alessandro/.m2/repository/org/junit/jupiter/junit-jupiter/5.10.1/junit-jupiter-5.10.1.jar:/home/alessandro/.m2/repository/org/mockito/mockito-core/5.17.0/mockito-core-5.17.0.jar:/home/alessandro/.m2/repository/net/bytebuddy/byte-buddy-agent/1.17.7/byte-buddy-agent-1.17.7.jar:/home/alessandro/.m2/repository/org/objenesis/objenesis/3.3/objenesis-3.3.jar:/home/alessandro/.m2/repository/org/mockito/mockito-junit-jupiter/5.17.0/mockito-junit-jupiter-5.17.0.jar:/home/alessandro/.m2/repository/org/skyscreamer/jsonassert/1.5.3/jsonassert-1.5.3.jar:/home/alessandro/.m2/repository/com/vaadin/external/google/android-json/0.0.20131108.vaadin1/android-json-0.0.20131108.vaadin1.jar:/home/alessandro/.m2/repository/org/springframework/spring-core/6.2.10/spring-core-6.2.10.jar:/home/alessandro/.m2/repository/org/springframework/spring-jcl/6.2.10/spring-jcl-6.2.10.jar:/home/alessandro/.m2/repository/org/springframework/spring-test/6.2.10/spring-test-6.2.10.jar:/home/alessandro/.m2/repository/org/xmlunit/xmlunit-core/2.10.3/xmlunit-core-2.10.3.jar:/home/alessandro/.m2/repository/org/testcontainers/postgresql/1.21.3/postgresql-1.21.3.jar:/home/alessandro/.m2/repository/org/testcontainers/jdbc/1.21.3/jdbc-1.21.3.jar:/home/alessandro/.m2/repository/org/testcontainers/database-commons/1.21.3/database-commons-1.21.3.jar:/home/alessandro/.m2/repository/com/pgvector/pgvector/0.1.6/pgvector-0.1.6.jar:/home/alessandro/.m2/repository/com/squareup/okhttp3/okhttp/4.12.0/okhttp-4.12.0.jar:/home/alessandro/.m2/repository/com/squareup/okio/okio/3.6.0/okio-3.6.0.jar:/home/alessandro/.m2/repository/com/squareup/okio/okio-jvm/3.6.0/okio-jvm-3.6.0.jar:/home/alessandro/.m2/repository/org/jetbrains/kotlin/kotlin-stdlib-common/1.9.25/kotlin-stdlib-common-1.9.25.jar:/home/alessandro/.m2/repository/org/jetbrains/kotlin/kotlin-stdlib-jdk8/1.9.25/kotlin-stdlib-jdk8-1.9.25.jar:/home/alessandro/.m2/repository/org/jetbrains/kotlin/kotlin-stdlib/1.9.25/kotlin-stdlib-1.9.25.jar:/home/alessandro/.m2/repository/org/jetbrains/kotlin/kotlin-stdlib-jdk7/1.9.25/kotlin-stdlib-jdk7-1.9.25.jar:/home/alessandro/.m2/repository/org/jsoup/jsoup/1.17.2/jsoup-1.17.2.jar:/home/alessandro/.m2/repository/com/vladsch/flexmark/flexmark-html2md-converter/0.64.8/flexmark-html2md-converter-0.64.8.jar:/home/alessandro/.m2/repository/com/vladsch/flexmark/flexmark-util/0.64.8/flexmark-util-0.64.8.jar:/home/alessandro/.m2/repository/org/jetbrains/annotations/24.0.1/annotations-24.0.1.jar:/home/alessandro/.m2/repository/com/vladsch/flexmark/flexmark/0.64.8/flexmark-0.64.8.jar:/home/alessandro/.m2/repository/com/vladsch/flexmark/flexmark-ext-emoji/0.64.8/flexmark-ext-emoji-0.64.8.jar:/home/alessandro/.m2/repository/com/vladsch/flexmark/flexmark-ext-autolink/0.64.8/flexmark-ext-autolink-0.64.8.jar:/home/alessandro/.m2/repository/org/nibor/autolink/autolink/0.6.0/autolink-0.6.0.jar:/home/alessandro/.m2/repository/com/vladsch/flexmark/flexmark-all/0.64.8/flexmark-all-0.64.8.jar:/home/alessandro/.m2/repository/com/vladsch/flexmark/flexmark-ext-abbreviation/0.64.8/flexmark-ext-abbreviation-0.64.8.jar:/home/alessandro/.m2/repository/com/vladsch/flexmark/flexmark-ext-admonition/0.64.8/flexmark-ext-admonition-0.64.8.jar:/home/alessandro/.m2/repository/com/vladsch/flexmark/flexmark-ext-anchorlink/0.64.8/flexmark-ext-anchorlink-0.64.8.jar:/home/alessandro/.m2/repository/com/vladsch/flexmark/flexmark-ext-aside/0.64.8/flexmark-ext-aside-0.64.8.jar:/home/alessandro/.m2/repository/com/vladsch/flexmark/flexmark-ext-attributes/0.64.8/flexmark-ext-attributes-0.64.8.jar:/home/alessandro/.m2/repository/com/vladsch/flexmark/flexmark-ext-definition/0.64.8/flexmark-ext-definition-0.64.8.jar:/home/alessandro/.m2/repository/com/vladsch/flexmark/flexmark-ext-enumerated-reference/0.64.8/flexmark-ext-enumerated-reference-0.64.8.jar:/home/alessandro/.m2/repository/com/vladsch/flexmark/flexmark-ext-escaped-character/0.64.8/flexmark-ext-escaped-character-0.64.8.jar:/home/alessandro/.m2/repository/com/vladsch/flexmark/flexmark-ext-footnotes/0.64.8/flexmark-ext-footnotes-0.64.8.jar:/home/alessandro/.m2/repository/com/vladsch/flexmark/flexmark-ext-gfm-issues/0.64.8/flexmark-ext-gfm-issues-0.64.8.jar:/home/alessandro/.m2/repository/com/vladsch/flexmark/flexmark-ext-gfm-strikethrough/0.64.8/flexmark-ext-gfm-strikethrough-0.64.8.jar:/home/alessandro/.m2/repository/com/vladsch/flexmark/flexmark-ext-gfm-tasklist/0.64.8/flexmark-ext-gfm-tasklist-0.64.8.jar:/home/alessandro/.m2/repository/com/vladsch/flexmark/flexmark-ext-gfm-users/0.64.8/flexmark-ext-gfm-users-0.64.8.jar:/home/alessandro/.m2/repository/com/vladsch/flexmark/flexmark-ext-gitlab/0.64.8/flexmark-ext-gitlab-0.64.8.jar:/home/alessandro/.m2/repository/com/vladsch/flexmark/flexmark-ext-jekyll-front-matter/0.64.8/flexmark-ext-jekyll-front-matter-0.64.8.jar:/home/alessandro/.m2/repository/com/vladsch/flexmark/flexmark-ext-jekyll-tag/0.64.8/flexmark-ext-jekyll-tag-0.64.8.jar:/home/alessandro/.m2/repository/com/vladsch/flexmark/flexmark-ext-media-tags/0.64.8/flexmark-ext-media-tags-0.64.8.jar:/home/alessandro/.m2/repository/com/vladsch/flexmark/flexmark-ext-resizable-image/0.64.8/flexmark-ext-resizable-image-0.64.8.jar:/home/alessandro/.m2/repository/com/vladsch/flexmark/flexmark-ext-macros/0.64.8/flexmark-ext-macros-0.64.8.jar:/home/alessandro/.m2/repository/com/vladsch/flexmark/flexmark-ext-ins/0.64.8/flexmark-ext-ins-0.64.8.jar:/home/alessandro/.m2/repository/com/vladsch/flexmark/flexmark-ext-xwiki-macros/0.64.8/flexmark-ext-xwiki-macros-0.64.8.jar:/home/alessandro/.m2/repository/com/vladsch/flexmark/flexmark-ext-superscript/0.64.8/flexmark-ext-superscript-0.64.8.jar:/home/alessandro/.m2/repository/com/vladsch/flexmark/flexmark-ext-tables/0.64.8/flexmark-ext-tables-0.64.8.jar:/home/alessandro/.m2/repository/com/vladsch/flexmark/flexmark-ext-toc/0.64.8/flexmark-ext-toc-0.64.8.jar:/home/alessandro/.m2/repository/com/vladsch/flexmark/flexmark-ext-typographic/0.64.8/flexmark-ext-typographic-0.64.8.jar:/home/alessandro/.m2/repository/com/vladsch/flexmark/flexmark-ext-wikilink/0.64.8/flexmark-ext-wikilink-0.64.8.jar:/home/alessandro/.m2/repository/com/vladsch/flexmark/flexmark-ext-yaml-front-matter/0.64.8/flexmark-ext-yaml-front-matter-0.64.8.jar:/home/alessandro/.m2/repository/com/vladsch/flexmark/flexmark-ext-youtube-embedded/0.64.8/flexmark-ext-youtube-embedded-0.64.8.jar:/home/alessandro/.m2/repository/com/vladsch/flexmark/flexmark-jira-converter/0.64.8/flexmark-jira-converter-0.64.8.jar:/home/alessandro/.m2/repository/com/vladsch/flexmark/flexmark-pdf-converter/0.64.8/flexmark-pdf-converter-0.64.8.jar:/home/alessandro/.m2/repository/com/ibm/icu/icu4j/72.1/icu4j-72.1.jar:/home/alessandro/.m2/repository/com/openhtmltopdf/openhtmltopdf-core/1.0.10/openhtmltopdf-core-1.0.10.jar:/home/alessandro/.m2/repository/com/openhtmltopdf/openhtmltopdf-pdfbox/1.0.10/openhtmltopdf-pdfbox-1.0.10.jar:/home/alessandro/.m2/repository/de/rototor/pdfbox/graphics2d/0.32/graphics2d-0.32.jar:/home/alessandro/.m2/repository/com/openhtmltopdf/openhtmltopdf-rtl-support/1.0.10/openhtmltopdf-rtl-support-1.0.10.jar:/home/alessandro/.m2/repository/com/vladsch/flexmark/flexmark-profile-pegdown/0.64.8/flexmark-profile-pegdown-0.64.8.jar:/home/alessandro/.m2/repository/com/vladsch/flexmark/flexmark-util-ast/0.64.8/flexmark-util-ast-0.64.8.jar:/home/alessandro/.m2/repository/com/vladsch/flexmark/flexmark-util-builder/0.64.8/flexmark-util-builder-0.64.8.jar:/home/alessandro/.m2/repository/com/vladsch/flexmark/flexmark-util-collection/0.64.8/flexmark-util-collection-0.64.8.jar:/home/alessandro/.m2/repository/com/vladsch/flexmark/flexmark-util-data/0.64.8/flexmark-util-data-0.64.8.jar:/home/alessandro/.m2/repository/com/vladsch/flexmark/flexmark-util-dependency/0.64.8/flexmark-util-dependency-0.64.8.jar:/home/alessandro/.m2/repository/com/vladsch/flexmark/flexmark-util-format/0.64.8/flexmark-util-format-0.64.8.jar:/home/alessandro/.m2/repository/com/vladsch/flexmark/flexmark-util-html/0.64.8/flexmark-util-html-0.64.8.jar:/home/alessandro/.m2/repository/com/vladsch/flexmark/flexmark-util-misc/0.64.8/flexmark-util-misc-0.64.8.jar:/home/alessandro/.m2/repository/com/vladsch/flexmark/flexmark-util-options/0.64.8/flexmark-util-options-0.64.8.jar:/home/alessandro/.m2/repository/com/vladsch/flexmark/flexmark-util-sequence/0.64.8/flexmark-util-sequence-0.64.8.jar:/home/alessandro/.m2/repository/com/vladsch/flexmark/flexmark-util-visitor/0.64.8/flexmark-util-visitor-0.64.8.jar:/home/alessandro/.m2/repository/com/vladsch/flexmark/flexmark-youtrack-converter/0.64.8/flexmark-youtrack-converter-0.64.8.jar:/home/alessandro/.m2/repository/org/apache/tika/tika-core/2.9.2/tika-core-2.9.2.jar:/home/alessandro/.m2/repository/org/testcontainers/junit-jupiter/1.21.3/junit-jupiter-1.21.3.jar:/home/alessandro/.m2/repository/org/testcontainers/testcontainers/1.21.3/testcontainers-1.21.3.jar:/home/alessandro/.m2/repository/junit/junit/4.13.2/junit-4.13.2.jar:/home/alessandro/.m2/repository/org/hamcrest/hamcrest-core/3.0/hamcrest-core-3.0.jar:/home/alessandro/.m2/repository/org/apache/commons/commons-compress/1.24.0/commons-compress-1.24.0.jar:/home/alessandro/.m2/repository/org/rnorth/duct-tape/duct-tape/1.0.8/duct-tape-1.0.8.jar:/home/alessandro/.m2/repository/com/github/docker-java/docker-java-api/3.4.2/docker-java-api-3.4.2.jar:/home/alessandro/.m2/repository/com/github/docker-java/docker-java-transport-zerodep/3.4.2/docker-java-transport-zerodep-3.4.2.jar:/home/alessandro/.m2/repository/com/github/docker-java/docker-java-transport/3.4.2/docker-java-transport-3.4.2.jar:/home/alessandro/.m2/repository/net/java/dev/jna/jna/5.13.0/jna-5.13.0.jar:/home/alessandro/.m2/repository/org/apache/tika/tika-parsers-standard-package/2.9.2/tika-parsers-standard-package-2.9.2.jar:/home/alessandro/.m2/repository/org/apache/tika/tika-parser-apple-module/2.9.2/tika-parser-apple-module-2.9.2.jar:/home/alessandro/.m2/repository/org/apache/tika/tika-parser-zip-commons/2.9.2/tika-parser-zip-commons-2.9.2.jar:/home/alessandro/.m2/repository/com/googlecode/plist/dd-plist/1.28/dd-plist-1.28.jar:/home/alessandro/.m2/repository/org/apache/tika/tika-parser-audiovideo-module/2.9.2/tika-parser-audiovideo-module-2.9.2.jar:/home/alessandro/.m2/repository/com/drewnoakes/metadata-extractor/2.19.0/metadata-extractor-2.19.0.jar:/home/alessandro/.m2/repository/com/adobe/xmp/xmpcore/6.1.11/xmpcore-6.1.11.jar:/home/alessandro/.m2/repository/org/apache/tika/tika-parser-cad-module/2.9.2/tika-parser-cad-module-2.9.2.jar:/home/alessandro/.m2/repository/org/apache/tika/tika-parser-code-module/2.9.2/tika-parser-code-module-2.9.2.jar:/home/alessandro/.m2/repository/org/codelibs/jhighlight/1.1.0/jhighlight-1.1.0.jar:/home/alessandro/.m2/repository/org/ccil/cowan/tagsoup/tagsoup/1.2.1/tagsoup-1.2.1.jar:/home/alessandro/.m2/repository/org/ow2/asm/asm/9.7/asm-9.7.jar:/home/alessandro/.m2/repository/com/epam/parso/2.0.14/parso-2.0.14.jar:/home/alessandro/.m2/repository/org/tallison/jmatio/1.5/jmatio-1.5.jar:/home/alessandro/.m2/repository/org/apache/tika/tika-parser-crypto-module/2.9.2/tika-parser-crypto-module-2.9.2.jar:/home/alessandro/.m2/repository/org/bouncycastle/bcmail-jdk18on/1.77/bcmail-jdk18on-1.77.jar:/home/alessandro/.m2/repository/org/bouncycastle/bcutil-jdk18on/1.77/bcutil-jdk18on-1.77.jar:/home/alessandro/.m2/repository/org/bouncycastle/bcpkix-jdk18on/1.77/bcpkix-jdk18on-1.77.jar:/home/alessandro/.m2/repository/org/bouncycastle/bcprov-jdk18on/1.77/bcprov-jdk18on-1.77.jar:/home/alessandro/.m2/repository/org/apache/tika/tika-parser-digest-commons/2.9.2/tika-parser-digest-commons-2.9.2.jar:/home/alessandro/.m2/repository/commons-codec/commons-codec/1.18.0/commons-codec-1.18.0.jar:/home/alessandro/.m2/repository/org/apache/tika/tika-parser-font-module/2.9.2/tika-parser-font-module-2.9.2.jar:/home/alessandro/.m2/repository/org/apache/pdfbox/fontbox/2.0.31/fontbox-2.0.31.jar:/home/alessandro/.m2/repository/org/apache/tika/tika-parser-html-module/2.9.2/tika-parser-html-module-2.9.2.jar:/home/alessandro/.m2/repository/org/apache/tika/tika-parser-image-module/2.9.2/tika-parser-image-module-2.9.2.jar:/home/alessandro/.m2/repository/com/github/jai-imageio/jai-imageio-core/1.4.0/jai-imageio-core-1.4.0.jar:/home/alessandro/.m2/repository/org/apache/pdfbox/jbig2-imageio/3.0.4/jbig2-imageio-3.0.4.jar:/home/alessandro/.m2/repository/org/apache/tika/tika-parser-mail-module/2.9.2/tika-parser-mail-module-2.9.2.jar:/home/alessandro/.m2/repository/org/apache/tika/tika-parser-mail-commons/2.9.2/tika-parser-mail-commons-2.9.2.jar:/home/alessandro/.m2/repository/org/apache/james/apache-mime4j-core/0.8.11/apache-mime4j-core-0.8.11.jar:/home/alessandro/.m2/repository/org/apache/james/apache-mime4j-dom/0.8.11/apache-mime4j-dom-0.8.11.jar:/home/alessandro/.m2/repository/org/apache/tika/tika-parser-microsoft-module/2.9.2/tika-parser-microsoft-module-2.9.2.jar:/home/alessandro/.m2/repository/com/pff/java-libpst/0.9.3/java-libpst-0.9.3.jar:/home/alessandro/.m2/repository/org/apache/poi/poi/5.2.5/poi-5.2.5.jar:/home/alessandro/.m2/repository/org/apache/commons/commons-math3/3.6.1/commons-math3-3.6.1.jar:/home/alessandro/.m2/repository/com/zaxxer/SparseBitSet/1.3/SparseBitSet-1.3.jar:/home/alessandro/.m2/repository/org/apache/logging/log4j/log4j-api/2.24.3/log4j-api-2.24.3.jar:/home/alessandro/.m2/repository/org/apache/poi/poi-scratchpad/5.2.5/poi-scratchpad-5.2.5.jar:/home/alessandro/.m2/repository/org/apache/poi/poi-ooxml/5.2.5/poi-ooxml-5.2.5.jar:/home/alessandro/.m2/repository/org/apache/poi/poi-ooxml-lite/5.2.5/poi-ooxml-lite-5.2.5.jar:/home/alessandro/.m2/repository/org/apache/xmlbeans/xmlbeans/5.2.0/xmlbeans-5.2.0.jar:/home/alessandro/.m2/repository/com/github/virtuald/curvesapi/1.08/curvesapi-1.08.jar:/home/alessandro/.m2/repository/commons-logging/commons-logging/1.3.1/commons-logging-1.3.1.jar:/home/alessandro/.m2/repository/com/healthmarketscience/jackcess/jackcess/4.0.5/jackcess-4.0.5.jar:/home/alessandro/.m2/repository/com/healthmarketscience/jackcess/jackcess-encrypt/4.0.2/jackcess-encrypt-4.0.2.jar:/home/alessandro/.m2/repository/org/slf4j/jcl-over-slf4j/2.0.17/jcl-over-slf4j-2.0.17.jar:/home/alessandro/.m2/repository/org/apache/tika/tika-parser-miscoffice-module/2.9.2/tika-parser-miscoffice-module-2.9.2.jar:/home/alessandro/.m2/repository/org/apache/tika/tika-parser-news-module/2.9.2/tika-parser-news-module-2.9.2.jar:/home/alessandro/.m2/repository/com/rometools/rome/2.1.0/rome-2.1.0.jar:/home/alessandro/.m2/repository/com/rometools/rome-utils/2.1.0/rome-utils-2.1.0.jar:/home/alessandro/.m2/repository/org/jdom/jdom2/2.0.6.1/jdom2-2.0.6.1.jar:/home/alessandro/.m2/repository/org/apache/tika/tika-parser-ocr-module/2.9.2/tika-parser-ocr-module-2.9.2.jar:/home/alessandro/.m2/repository/org/apache/commons/commons-exec/1.4.0/commons-exec-1.4.0.jar:/home/alessandro/.m2/repository/org/apache/tika/tika-parser-pdf-module/2.9.2/tika-parser-pdf-module-2.9.2.jar:/home/alessandro/.m2/repository/org/apache/pdfbox/pdfbox/2.0.31/pdfbox-2.0.31.jar:/home/alessandro/.m2/repository/org/apache/pdfbox/pdfbox-tools/2.0.31/pdfbox-tools-2.0.31.jar:/home/alessandro/.m2/repository/org/apache/pdfbox/jempbox/1.8.17/jempbox-1.8.17.jar:/home/alessandro/.m2/repository/org/apache/tika/tika-parser-pkg-module/2.9.2/tika-parser-pkg-module-2.9.2.jar:/home/alessandro/.m2/repository/org/tukaani/xz/1.9/xz-1.9.jar:/home/alessandro/.m2/repository/org/brotli/dec/0.1.2/dec-0.1.2.jar:/home/alessandro/.m2/repository/com/github/junrar/junrar/7.5.5/junrar-7.5.5.jar:/home/alessandro/.m2/repository/org/apache/tika/tika-parser-text-module/2.9.2/tika-parser-text-module-2.9.2.jar:/home/alessandro/.m2/repository/com/github/albfernandez/juniversalchardet/2.4.0/juniversalchardet-2.4.0.jar:/home/alessandro/.m2/repository/org/apache/commons/commons-csv/1.10.0/commons-csv-1.10.0.jar:/home/alessandro/.m2/repository/org/apache/tika/tika-parser-webarchive-module/2.9.2/tika-parser-webarchive-module-2.9.2.jar:/home/alessandro/.m2/repository/org/netpreserve/jwarc/0.29.0/jwarc-0.29.0.jar:/home/alessandro/.m2/repository/org/apache/tika/tika-parser-xml-module/2.9.2/tika-parser-xml-module-2.9.2.jar:/home/alessandro/.m2/repository/xerces/xercesImpl/2.12.2/xercesImpl-2.12.2.jar:/home/alessandro/.m2/repository/xml-apis/xml-apis/1.4.01/xml-apis-1.4.01.jar:/home/alessandro/.m2/repository/org/apache/tika/tika-parser-xmp-commons/2.9.2/tika-parser-xmp-commons-2.9.2.jar:/home/alessandro/.m2/repository/org/apache/pdfbox/xmpbox/2.0.31/xmpbox-2.0.31.jar:/home/alessandro/.m2/repository/org/gagravarr/vorbis-java-tika/0.8/vorbis-java-tika-0.8.jar:/home/alessandro/.m2/repository/org/gagravarr/vorbis-java-core/0.8/vorbis-java-core-0.8.jar:/home/alessandro/.m2/repository/org/springframework/boot/spring-boot-configuration-processor/3.5.5/spring-boot-configuration-processor-3.5.5.jar:/home/alessandro/.m2/repository/org/junit/jupiter/junit-jupiter-api/5.10.1/junit-jupiter-api-5.10.1.jar:/home/alessandro/.m2/repository/org/opentest4j/opentest4j/1.3.0/opentest4j-1.3.0.jar:/home/alessandro/.m2/repository/org/junit/platform/junit-platform-commons/1.10.1/junit-platform-commons-1.10.1.jar:/home/alessandro/.m2/repository/org/apiguardian/apiguardian-api/1.1.2/apiguardian-api-1.1.2.jar:/home/alessandro/.m2/repository/org/junit/jupiter/junit-jupiter-engine/5.10.1/junit-jupiter-engine-5.10.1.jar:/home/alessandro/.m2/repository/org/junit/platform/junit-platform-engine/1.10.1/junit-platform-engine-1.10.1.jar:/home/alessandro/.m2/repository/org/junit/jupiter/junit-jupiter-params/5.10.1/junit-jupiter-params-5.10.1.jar:"/>
    <property name="java.vm.vendor" value="Debian"/>
    <property name="sun.arch.data.model" value="64"/>
    <property name="java.vendor.url" value="https://tracker.debian.org/openjdk-21"/>
    <property name="user.timezone" value="America/Sao_Paulo"/>
    <property name="org.jboss.logging.provider" value="slf4j"/>
    <property name="os.name" value="Linux"/>
    <property name="java.vm.specification.version" value="21"/>
    <property name="APPLICATION_NAME" value="jsimplerag"/>
    <property name="sun.java.launcher" value="SUN_STANDARD"/>
    <property name="user.country" value="US"/>
    <property name="sun.boot.library.path" value="/usr/lib/jvm/java-21-openjdk-amd64/lib"/>
    <property name="sun.java.command" value="/mnt/f/1-ProjetosIA/github/JSimpleRag/target/surefire/surefirebooter-20251014202744000_3.jar /mnt/f/1-ProjetosIA/github/JSimpleRag/target/surefire 2025-10-14T20-27-43_842-jvmRun1 surefire-20251014202744000_1tmp surefire_0-20251014202744000_2tmp"/>
    <property name="jdk.debug" value="release"/>
    <property name="test" value="LLMServiceConfigTest"/>
    <property name="surefire.test.class.path" value="/mnt/f/1-ProjetosIA/github/JSimpleRag/target/test-classes:/mnt/f/1-ProjetosIA/github/JSimpleRag/target/classes:/home/alessandro/.m2/repository/org/springframework/boot/spring-boot-starter-web/3.5.5/spring-boot-starter-web-3.5.5.jar:/home/alessandro/.m2/repository/org/springframework/boot/spring-boot-starter/3.5.5/spring-boot-starter-3.5.5.jar:/home/alessandro/.m2/repository/org/springframework/boot/spring-boot/3.5.5/spring-boot-3.5.5.jar:/home/alessandro/.m2/repository/org/springframework/boot/spring-boot-autoconfigure/3.5.5/spring-boot-autoconfigure-3.5.5.jar:/home/alessandro/.m2/repository/org/springframework/boot/spring-boot-starter-logging/3.5.5/spring-boot-starter-logging-3.5.5.jar:/home/alessandro/.m2/repository/ch/qos/logback/logback-classic/1.5.18/logback-classic-1.5.18.jar:/home/alessandro/.m2/repository/ch/qos/logback/logback-core/1.5.18/logback-core-1.5.18.jar:/home/alessandro/.m2/repository/org/apache/logging/log4j/log4j-to-slf4j/2.24.3/log4j-to-slf4j-2.24.3.jar:/home/alessandro/.m2/repository/org/slf4j/jul-to-slf4j/2.0.17/jul-to-slf4j-2.0.17.jar:/home/alessandro/.m2/repository/jakarta/annotation/jakarta.annotation-api/2.1.1/jakarta.annotation-api-2.1.1.jar:/home/alessandro/.m2/repository/org/springframework/boot/spring-boot-starter-json/3.5.5/spring-boot-starter-json-3.5.5.jar:/home/alessandro/.m2/repository/com/fasterxml/jackson/datatype/jackson-datatype-jdk8/2.19.2/jackson-datatype-jdk8-2.19.2.jar:/home/alessandro/.m2/repository/com/fasterxml/jackson/module/jackson-module-parameter-names/2.19.2/jackson-module-parameter-names-2.19.2.jar:/home/alessandro/.m2/repository/org/springframework/boot/spring-boot-starter-tomcat/3.5.5/spring-boot-starter-tomcat-3.5.5.jar:/home/alessandro/.m2/repository/org/apache/tomcat/embed/tomcat-embed-core/10.1.44/tomcat-embed-core-10.1.44.jar:/home/alessandro/.m2/repository/org/apache/tomcat/embed/tomcat-embed-websocket/10.1.44/tomcat-embed-websocket-10.1.44.jar:/home/alessandro/.m2/repository/org/springframework/spring-web/6.2.10/spring-web-6.2.10.jar:/home/alessandro/.m2/repository/org/springframework/spring-beans/6.2.10/spring-beans-6.2.10.jar:/home/alessandro/.m2/repository/io/micrometer/micrometer-observation/1.15.3/micrometer-observation-1.15.3.jar:/home/alessandro/.m2/repository/io/micrometer/micrometer-commons/1.15.3/micrometer-commons-1.15.3.jar:/home/alessandro/.m2/repository/org/springframework/spring-webmvc/6.2.10/spring-webmvc-6.2.10.jar:/home/alessandro/.m2/repository/org/springframework/spring-aop/6.2.10/spring-aop-6.2.10.jar:/home/alessandro/.m2/repository/org/springframework/spring-context/6.2.10/spring-context-6.2.10.jar:/home/alessandro/.m2/repository/org/springframework/spring-expression/6.2.10/spring-expression-6.2.10.jar:/home/alessandro/.m2/repository/org/springframework/boot/spring-boot-starter-data-jpa/3.5.5/spring-boot-starter-data-jpa-3.5.5.jar:/home/alessandro/.m2/repository/org/hibernate/orm/hibernate-core/6.6.26.Final/hibernate-core-6.6.26.Final.jar:/home/alessandro/.m2/repository/jakarta/persistence/jakarta.persistence-api/3.1.0/jakarta.persistence-api-3.1.0.jar:/home/alessandro/.m2/repository/jakarta/transaction/jakarta.transaction-api/2.0.1/jakarta.transaction-api-2.0.1.jar:/home/alessandro/.m2/repository/org/jboss/logging/jboss-logging/3.6.1.Final/jboss-logging-3.6.1.Final.jar:/home/alessandro/.m2/repository/org/hibernate/common/hibernate-commons-annotations/7.0.3.Final/hibernate-commons-annotations-7.0.3.Final.jar:/home/alessandro/.m2/repository/io/smallrye/jandex/3.2.0/jandex-3.2.0.jar:/home/alessandro/.m2/repository/com/fasterxml/classmate/1.7.0/classmate-1.7.0.jar:/home/alessandro/.m2/repository/net/bytebuddy/byte-buddy/1.17.7/byte-buddy-1.17.7.jar:/home/alessandro/.m2/repository/org/glassfish/jaxb/jaxb-runtime/4.0.5/jaxb-runtime-4.0.5.jar:/home/alessandro/.m2/repository/org/glassfish/jaxb/jaxb-core/4.0.5/jaxb-core-4.0.5.jar:/home/alessandro/.m2/repository/org/eclipse/angus/angus-activation/2.0.2/angus-activation-2.0.2.jar:/home/alessandro/.m2/repository/org/glassfish/jaxb/txw2/4.0.5/txw2-4.0.5.jar:/home/alessandro/.m2/repository/com/sun/istack/istack-commons-runtime/4.1.2/istack-commons-runtime-4.1.2.jar:/home/alessandro/.m2/repository/jakarta/inject/jakarta.inject-api/2.0.1/jakarta.inject-api-2.0.1.jar:/home/alessandro/.m2/repository/org/antlr/antlr4-runtime/4.13.0/antlr4-runtime-4.13.0.jar:/home/alessandro/.m2/repository/org/springframework/data/spring-data-jpa/3.5.3/spring-data-jpa-3.5.3.jar:/home/alessandro/.m2/repository/org/springframework/data/spring-data-commons/3.5.3/spring-data-commons-3.5.3.jar:/home/alessandro/.m2/repository/org/springframework/spring-orm/6.2.10/spring-orm-6.2.10.jar:/home/alessandro/.m2/repository/org/springframework/spring-tx/6.2.10/spring-tx-6.2.10.jar:/home/alessandro/.m2/repository/org/springframework/spring-aspects/6.2.10/spring-aspects-6.2.10.jar:/home/alessandro/.m2/repository/org/aspectj/aspectjweaver/1.9.24/aspectjweaver-1.9.24.jar:/home/alessandro/.m2/repository/org/springframework/boot/spring-boot-starter-validation/3.5.5/spring-boot-starter-validation-3.5.5.jar:/home/alessandro/.m2/repository/org/apache/tomcat/embed/tomcat-embed-el/10.1.44/tomcat-embed-el-10.1.44.jar:/home/alessandro/.m2/repository/org/hibernate/validator/hibernate-validator/8.0.3.Final/hibernate-validator-8.0.3.Final.jar:/home/alessandro/.m2/repository/jakarta/validation/jakarta.validation-api/3.0.2/jakarta.validation-api-3.0.2.jar:/home/alessandro/.m2/repository/org/springframework/boot/spring-boot-starter-jdbc/3.5.5/spring-boot-starter-jdbc-3.5.5.jar:/home/alessandro/.m2/repository/com/zaxxer/HikariCP/6.3.2/HikariCP-6.3.2.jar:/home/alessandro/.m2/repository/org/springframework/spring-jdbc/6.2.10/spring-jdbc-6.2.10.jar:/home/alessandro/.m2/repository/org/postgresql/postgresql/42.7.7/postgresql-42.7.7.jar:/home/alessandro/.m2/repository/org/checkerframework/checker-qual/3.49.3/checker-qual-3.49.3.jar:/home/alessandro/.m2/repository/org/liquibase/liquibase-core/4.31.1/liquibase-core-4.31.1.jar:/home/alessandro/.m2/repository/com/opencsv/opencsv/5.9/opencsv-5.9.jar:/home/alessandro/.m2/repository/org/yaml/snakeyaml/2.4/snakeyaml-2.4.jar:/home/alessandro/.m2/repository/javax/xml/bind/jaxb-api/2.3.1/jaxb-api-2.3.1.jar:/home/alessandro/.m2/repository/org/apache/commons/commons-collections4/4.4/commons-collections4-4.4.jar:/home/alessandro/.m2/repository/org/apache/commons/commons-text/1.13.0/commons-text-1.13.0.jar:/home/alessandro/.m2/repository/org/apache/commons/commons-lang3/3.17.0/commons-lang3-3.17.0.jar:/home/alessandro/.m2/repository/commons-io/commons-io/2.18.0/commons-io-2.18.0.jar:/home/alessandro/.m2/repository/me/paulschwarz/spring-dotenv/3.0.0/spring-dotenv-3.0.0.jar:/home/alessandro/.m2/repository/io/github/cdimascio/dotenv-java/2.2.4/dotenv-java-2.2.4.jar:/home/alessandro/.m2/repository/org/projectlombok/lombok/1.18.38/lombok-1.18.38.jar:/home/alessandro/.m2/repository/org/mapstruct/mapstruct/1.5.5.Final/mapstruct-1.5.5.Final.jar:/home/alessandro/.m2/repository/org/mapstruct/mapstruct-processor/1.5.5.Final/mapstruct-processor-1.5.5.Final.jar:/home/alessandro/.m2/repository/org/springdoc/springdoc-openapi-starter-webmvc-ui/2.2.0/springdoc-openapi-starter-webmvc-ui-2.2.0.jar:/home/alessandro/.m2/repository/org/springdoc/springdoc-openapi-starter-webmvc-api/2.2.0/springdoc-openapi-starter-webmvc-api-2.2.0.jar:/home/alessandro/.m2/repository/org/springdoc/springdoc-openapi-starter-common/2.2.0/springdoc-openapi-starter-common-2.2.0.jar:/home/alessandro/.m2/repository/io/swagger/core/v3/swagger-core-jakarta/2.2.15/swagger-core-jakarta-2.2.15.jar:/home/alessandro/.m2/repository/io/swagger/core/v3/swagger-annotations-jakarta/2.2.15/swagger-annotations-jakarta-2.2.15.jar:/home/alessandro/.m2/repository/io/swagger/core/v3/swagger-models-jakarta/2.2.15/swagger-models-jakarta-2.2.15.jar:/home/alessandro/.m2/repository/com/fasterxml/jackson/dataformat/jackson-dataformat-yaml/2.19.2/jackson-dataformat-yaml-2.19.2.jar:/home/alessandro/.m2/repository/org/webjars/swagger-ui/5.2.0/swagger-ui-5.2.0.jar:/home/alessandro/.m2/repository/io/hypersistence/hypersistence-utils-hibernate-62/3.5.1/hypersistence-utils-hibernate-62-3.5.1.jar:/home/alessandro/.m2/repository/jakarta/xml/bind/jakarta.xml.bind-api/4.0.2/jakarta.xml.bind-api-4.0.2.jar:/home/alessandro/.m2/repository/jakarta/activation/jakarta.activation-api/2.1.3/jakarta.activation-api-2.1.3.jar:/home/alessandro/.m2/repository/io/hypersistence/hypersistence-tsid/2.0.0/hypersistence-tsid-2.0.0.jar:/home/alessandro/.m2/repository/bor/tools/JSimpleLLM/0.0.1-SNAPSHOT/JSimpleLLM-0.0.1-SNAPSHOT.jar:/home/alessandro/.m2/repository/org/slf4j/slf4j-api/2.0.17/slf4j-api-2.0.17.jar:/home/alessandro/.m2/repository/com/fasterxml/jackson/core/jackson-databind/2.19.2/jackson-databind-2.19.2.jar:/home/alessandro/.m2/repository/com/fasterxml/jackson/core/jackson-annotations/2.19.2/jackson-annotations-2.19.2.jar:/home/alessandro/.m2/repository/com/fasterxml/jackson/core/jackson-core/2.19.2/jackson-core-2.19.2.jar:/home/alessandro/.m2/repository/com/fasterxml/jackson/datatype/jackson-datatype-jsr310/2.19.2/jackson-datatype-jsr310-2.19.2.jar:/home/alessandro/.m2/repository/com/knuddels/jtokkit/1.1.0/jtokkit-1.1.0.jar:/home/alessandro/.m2/repository/org/springframework/boot/spring-boot-starter-test/3.5.5/spring-boot-starter-test-3.5.5.jar:/home/alessandro/.m2/repository/org/springframework/boot/spring-boot-test/3.5.5/spring-boot-test-3.5.5.jar:/home/alessandro/.m2/repository/org/springframework/boot/spring-boot-test-autoconfigure/3.5.5/spring-boot-test-autoconfigure-3.5.5.jar:/home/alessandro/.m2/repository/com/jayway/jsonpath/json-path/2.9.0/json-path-2.9.0.jar:/home/alessandro/.m2/repository/net/minidev/json-smart/2.5.2/json-smart-2.5.2.jar:/home/alessandro/.m2/repository/net/minidev/accessors-smart/2.5.2/accessors-smart-2.5.2.jar:/home/alessandro/.m2/repository/org/assertj/assertj-core/3.27.4/assertj-core-3.27.4.jar:/home/alessandro/.m2/repository/org/awaitility/awaitility/4.2.2/awaitility-4.2.2.jar:/home/alessandro/.m2/repository/org/hamcrest/hamcrest/3.0/hamcrest-3.0.jar:/home/alessandro/.m2/repository/org/junit/jupiter/junit-jupiter/5.10.1/junit-jupiter-5.10.1.jar:/home/alessandro/.m2/repository/org/mockito/mockito-core/5.17.0/mockito-core-5.17.0.jar:/home/alessandro/.m2/repository/net/bytebuddy/byte-buddy-agent/1.17.7/byte-buddy-agent-1.17.7.jar:/home/alessandro/.m2/repository/org/objenesis/objenesis/3.3/objenesis-3.3.jar:/home/alessandro/.m2/repository/org/mockito/mockito-junit-jupiter/5.17.0/mockito-junit-jupiter-5.17.0.jar:/home/alessandro/.m2/repository/org/skyscreamer/jsonassert/1.5.3/jsonassert-1.5.3.jar:/home/alessandro/.m2/repository/com/vaadin/external/google/android-json/0.0.20131108.vaadin1/android-json-0.0.20131108.vaadin1.jar:/home/alessandro/.m2/repository/org/springframework/spring-core/6.2.10/spring-core-6.2.10.jar:/home/alessandro/.m2/repository/org/springframework/spring-jcl/6.2.10/spring-jcl-6.2.10.jar:/home/alessandro/.m2/repository/org/springframework/spring-test/6.2.10/spring-test-6.2.10.jar:/home/alessandro/.m2/repository/org/xmlunit/xmlunit-core/2.10.3/xmlunit-core-2.10.3.jar:/home/alessandro/.m2/repository/org/testcontainers/postgresql/1.21.3/postgresql-1.21.3.jar:/home/alessandro/.m2/repository/org/testcontainers/jdbc/1.21.3/jdbc-1.21.3.jar:/home/alessandro/.m2/repository/org/testcontainers/database-commons/1.21.3/database-commons-1.21.3.jar:/home/alessandro/.m2/repository/com/pgvector/pgvector/0.1.6/pgvector-0.1.6.jar:/home/alessandro/.m2/repository/com/squareup/okhttp3/okhttp/4.12.0/okhttp-4.12.0.jar:/home/alessandro/.m2/repository/com/squareup/okio/okio/3.6.0/okio-3.6.0.jar:/home/alessandro/.m2/repository/com/squareup/okio/okio-jvm/3.6.0/okio-jvm-3.6.0.jar:/home/alessandro/.m2/repository/org/jetbrains/kotlin/kotlin-stdlib-common/1.9.25/kotlin-stdlib-common-1.9.25.jar:/home/alessandro/.m2/repository/org/jetbrains/kotlin/kotlin-stdlib-jdk8/1.9.25/kotlin-stdlib-jdk8-1.9.25.jar:/home/alessandro/.m2/repository/org/jetbrains/kotlin/kotlin-stdlib/1.9.25/kotlin-stdlib-1.9.25.jar:/home/alessandro/.m2/repository/org/jetbrains/kotlin/kotlin-stdlib-jdk7/1.9.25/kotlin-stdlib-jdk7-1.9.25.jar:/home/alessandro/.m2/repository/org/jsoup/jsoup/1.17.2/jsoup-1.17.2.jar:/home/alessandro/.m2/repository/com/vladsch/flexmark/flexmark-html2md-converter/0.64.8/flexmark-html2md-converter-0.64.8.jar:/home/alessandro/.m2/repository/com/vladsch/flexmark/flexmark-util/0.64.8/flexmark-util-0.64.8.jar:/home/alessandro/.m2/repository/org/jetbrains/annotations/24.0.1/annotations-24.0.1.jar:/home/alessandro/.m2/repository/com/vladsch/flexmark/flexmark/0.64.8/flexmark-0.64.8.jar:/home/alessandro/.m2/repository/com/vladsch/flexmark/flexmark-ext-emoji/0.64.8/flexmark-ext-emoji-0.64.8.jar:/home/alessandro/.m2/repository/com/vladsch/flexmark/flexmark-ext-autolink/0.64.8/flexmark-ext-autolink-0.64.8.jar:/home/alessandro/.m2/repository/org/nibor/autolink/autolink/0.6.0/autolink-0.6.0.jar:/home/alessandro/.m2/repository/com/vladsch/flexmark/flexmark-all/0.64.8/flexmark-all-0.64.8.jar:/home/alessandro/.m2/repository/com/vladsch/flexmark/flexmark-ext-abbreviation/0.64.8/flexmark-ext-abbreviation-0.64.8.jar:/home/alessandro/.m2/repository/com/vladsch/flexmark/flexmark-ext-admonition/0.64.8/flexmark-ext-admonition-0.64.8.jar:/home/alessandro/.m2/repository/com/vladsch/flexmark/flexmark-ext-anchorlink/0.64.8/flexmark-ext-anchorlink-0.64.8.jar:/home/alessandro/.m2/repository/com/vladsch/flexmark/flexmark-ext-aside/0.64.8/flexmark-ext-aside-0.64.8.jar:/home/alessandro/.m2/repository/com/vladsch/flexmark/flexmark-ext-attributes/0.64.8/flexmark-ext-attributes-0.64.8.jar:/home/alessandro/.m2/repository/com/vladsch/flexmark/flexmark-ext-definition/0.64.8/flexmark-ext-definition-0.64.8.jar:/home/alessandro/.m2/repository/com/vladsch/flexmark/flexmark-ext-enumerated-reference/0.64.8/flexmark-ext-enumerated-reference-0.64.8.jar:/home/alessandro/.m2/repository/com/vladsch/flexmark/flexmark-ext-escaped-character/0.64.8/flexmark-ext-escaped-character-0.64.8.jar:/home/alessandro/.m2/repository/com/vladsch/flexmark/flexmark-ext-footnotes/0.64.8/flexmark-ext-footnotes-0.64.8.jar:/home/alessandro/.m2/repository/com/vladsch/flexmark/flexmark-ext-gfm-issues/0.64.8/flexmark-ext-gfm-issues-0.64.8.jar:/home/alessandro/.m2/repository/com/vladsch/flexmark/flexmark-ext-gfm-strikethrough/0.64.8/flexmark-ext-gfm-strikethrough-0.64.8.jar:/home/alessandro/.m2/repository/com/vladsch/flexmark/flexmark-ext-gfm-tasklist/0.64.8/flexmark-ext-gfm-tasklist-0.64.8.jar:/home/alessandro/.m2/repository/com/vladsch/flexmark/flexmark-ext-gfm-users/0.64.8/flexmark-ext-gfm-users-0.64.8.jar:/home/alessandro/.m2/repository/com/vladsch/flexmark/flexmark-ext-gitlab/0.64.8/flexmark-ext-gitlab-0.64.8.jar:/home/alessandro/.m2/repository/com/vladsch/flexmark/flexmark-ext-jekyll-front-matter/0.64.8/flexmark-ext-jekyll-front-matter-0.64.8.jar:/home/alessandro/.m2/repository/com/vladsch/flexmark/flexmark-ext-jekyll-tag/0.64.8/flexmark-ext-jekyll-tag-0.64.8.jar:/home/alessandro/.m2/repository/com/vladsch/flexmark/flexmark-ext-media-tags/0.64.8/flexmark-ext-media-tags-0.64.8.jar:/home/alessandro/.m2/repository/com/vladsch/flexmark/flexmark-ext-resizable-image/0.64.8/flexmark-ext-resizable-image-0.64.8.jar:/home/alessandro/.m2/repository/com/vladsch/flexmark/flexmark-ext-macros/0.64.8/flexmark-ext-macros-0.64.8.jar:/home/alessandro/.m2/repository/com/vladsch/flexmark/flexmark-ext-ins/0.64.8/flexmark-ext-ins-0.64.8.jar:/home/alessandro/.m2/repository/com/vladsch/flexmark/flexmark-ext-xwiki-macros/0.64.8/flexmark-ext-xwiki-macros-0.64.8.jar:/home/alessandro/.m2/repository/com/vladsch/flexmark/flexmark-ext-superscript/0.64.8/flexmark-ext-superscript-0.64.8.jar:/home/alessandro/.m2/repository/com/vladsch/flexmark/flexmark-ext-tables/0.64.8/flexmark-ext-tables-0.64.8.jar:/home/alessandro/.m2/repository/com/vladsch/flexmark/flexmark-ext-toc/0.64.8/flexmark-ext-toc-0.64.8.jar:/home/alessandro/.m2/repository/com/vladsch/flexmark/flexmark-ext-typographic/0.64.8/flexmark-ext-typographic-0.64.8.jar:/home/alessandro/.m2/repository/com/vladsch/flexmark/flexmark-ext-wikilink/0.64.8/flexmark-ext-wikilink-0.64.8.jar:/home/alessandro/.m2/repository/com/vladsch/flexmark/flexmark-ext-yaml-front-matter/0.64.8/flexmark-ext-yaml-front-matter-0.64.8.jar:/home/alessandro/.m2/repository/com/vladsch/flexmark/flexmark-ext-youtube-embedded/0.64.8/flexmark-ext-youtube-embedded-0.64.8.jar:/home/alessandro/.m2/repository/com/vladsch/flexmark/flexmark-jira-converter/0.64.8/flexmark-jira-converter-0.64.8.jar:/home/alessandro/.m2/repository/com/vladsch/flexmark/flexmark-pdf-converter/0.64.8/flexmark-pdf-converter-0.64.8.jar:/home/alessandro/.m2/repository/com/ibm/icu/icu4j/72.1/icu4j-72.1.jar:/home/alessandro/.m2/repository/com/openhtmltopdf/openhtmltopdf-core/1.0.10/openhtmltopdf-core-1.0.10.jar:/home/alessandro/.m2/repository/com/openhtmltopdf/openhtmltopdf-pdfbox/1.0.10/openhtmltopdf-pdfbox-1.0.10.jar:/home/alessandro/.m2/repository/de/rototor/pdfbox/graphics2d/0.32/graphics2d-0.32.jar:/home/alessandro/.m2/repository/com/openhtmltopdf/openhtmltopdf-rtl-support/1.0.10/openhtmltopdf-rtl-support-1.0.10.jar:/home/alessandro/.m2/repository/com/vladsch/flexmark/flexmark-profile-pegdown/0.64.8/flexmark-profile-pegdown-0.64.8.jar:/home/alessandro/.m2/repository/com/vladsch/flexmark/flexmark-util-ast/0.64.8/flexmark-util-ast-0.64.8.jar:/home/alessandro/.m2/repository/com/vladsch/flexmark/flexmark-util-builder/0.64.8/flexmark-util-builder-0.64.8.jar:/home/alessandro/.m2/repository/com/vladsch/flexmark/flexmark-util-collection/0.64.8/flexmark-util-collection-0.64.8.jar:/home/alessandro/.m2/repository/com/vladsch/flexmark/flexmark-util-data/0.64.8/flexmark-util-data-0.64.8.jar:/home/alessandro/.m2/repository/com/vladsch/flexmark/flexmark-util-dependency/0.64.8/flexmark-util-dependency-0.64.8.jar:/home/alessandro/.m2/repository/com/vladsch/flexmark/flexmark-util-format/0.64.8/flexmark-util-format-0.64.8.jar:/home/alessandro/.m2/repository/com/vladsch/flexmark/flexmark-util-html/0.64.8/flexmark-util-html-0.64.8.jar:/home/alessandro/.m2/repository/com/vladsch/flexmark/flexmark-util-misc/0.64.8/flexmark-util-misc-0.64.8.jar:/home/alessandro/.m2/repository/com/vladsch/flexmark/flexmark-util-options/0.64.8/flexmark-util-options-0.64.8.jar:/home/alessandro/.m2/repository/com/vladsch/flexmark/flexmark-util-sequence/0.64.8/flexmark-util-sequence-0.64.8.jar:/home/alessandro/.m2/repository/com/vladsch/flexmark/flexmark-util-visitor/0.64.8/flexmark-util-visitor-0.64.8.jar:/home/alessandro/.m2/repository/com/vladsch/flexmark/flexmark-youtrack-converter/0.64.8/flexmark-youtrack-converter-0.64.8.jar:/home/alessandro/.m2/repository/org/apache/tika/tika-core/2.9.2/tika-core-2.9.2.jar:/home/alessandro/.m2/repository/org/testcontainers/junit-jupiter/1.21.3/junit-jupiter-1.21.3.jar:/home/alessandro/.m2/repository/org/testcontainers/testcontainers/1.21.3/testcontainers-1.21.3.jar:/home/alessandro/.m2/repository/junit/junit/4.13.2/junit-4.13.2.jar:/home/alessandro/.m2/repository/org/hamcrest/hamcrest-core/3.0/hamcrest-core-3.0.jar:/home/alessandro/.m2/repository/org/apache/commons/commons-compress/1.24.0/commons-compress-1.24.0.jar:/home/alessandro/.m2/repository/org/rnorth/duct-tape/duct-tape/1.0.8/duct-tape-1.0.8.jar:/home/alessandro/.m2/repository/com/github/docker-java/docker-java-api/3.4.2/docker-java-api-3.4.2.jar:/home/alessandro/.m2/repository/com/github/docker-java/docker-java-transport-zerodep/3.4.2/docker-java-transport-zerodep-3.4.2.jar:/home/alessandro/.m2/repository/com/github/docker-java/docker-java-transport/3.4.2/docker-java-transport-3.4.2.jar:/home/alessandro/.m2/repository/net/java/dev/jna/jna/5.13.0/jna-5.13.0.jar:/home/alessandro/.m2/repository/org/apache/tika/tika-parsers-standard-package/2.9.2/tika-parsers-standard-package-2.9.2.jar:/home/alessandro/.m2/repository/org/apache/tika/tika-parser-apple-module/2.9.2/tika-parser-apple-module-2.9.2.jar:/home/alessandro/.m2/repository/org/apache/tika/tika-parser-zip-commons/2.9.2/tika-parser-zip-commons-2.9.2.jar:/home/alessandro/.m2/repository/com/googlecode/plist/dd-plist/1.28/dd-plist-1.28.jar:/home/alessandro/.m2/repository/org/apache/tika/tika-parser-audiovideo-module/2.9.2/tika-parser-audiovideo-module-2.9.2.jar:/home/alessandro/.m2/repository/com/drewnoakes/metadata-extractor/2.19.0/metadata-extractor-2.19.0.jar:/home/alessandro/.m2/repository/com/adobe/xmp/xmpcore/6.1.11/xmpcore-6.1.11.jar:/home/alessandro/.m2/repository/org/apache/tika/tika-parser-cad-module/2.9.2/tika-parser-cad-module-2.9.2.jar:/home/alessandro/.m2/repository/org/apache/tika/tika-parser-code-module/2.9.2/tika-parser-code-module-2.9.2.jar:/home/alessandro/.m2/repository/org/codelibs/jhighlight/1.1.0/jhighlight-1.1.0.jar:/home/alessandro/.m2/repository/org/ccil/cowan/tagsoup/tagsoup/1.2.1/tagsoup-1.2.1.jar:/home/alessandro/.m2/repository/org/ow2/asm/asm/9.7/asm-9.7.jar:/home/alessandro/.m2/repository/com/epam/parso/2.0.14/parso-2.0.14.jar:/home/alessandro/.m2/repository/org/tallison/jmatio/1.5/jmatio-1.5.jar:/home/alessandro/.m2/repository/org/apache/tika/tika-parser-crypto-module/2.9.2/tika-parser-crypto-module-2.9.2.jar:/home/alessandro/.m2/repository/org/bouncycastle/bcmail-jdk18on/1.77/bcmail-jdk18on-1.77.jar:/home/alessandro/.m2/repository/org/bouncycastle/bcutil-jdk18on/1.77/bcutil-jdk18on-1.77.jar:/home/alessandro/.m2/repository/org/bouncycastle/bcpkix-jdk18on/1.77/bcpkix-jdk18on-1.77.jar:/home/alessandro/.m2/repository/org/bouncycastle/bcprov-jdk18on/1.77/bcprov-jdk18on-1.77.jar:/home/alessandro/.m2/repository/org/apache/tika/tika-parser-digest-commons/2.9.2/tika-parser-digest-commons-2.9.2.jar:/home/alessandro/.m2/repository/commons-codec/commons-codec/1.18.0/commons-codec-1.18.0.jar:/home/alessandro/.m2/repository/org/apache/tika/tika-parser-font-module/2.9.2/tika-parser-font-module-2.9.2.jar:/home/alessandro/.m2/repository/org/apache/pdfbox/fontbox/2.0.31/fontbox-2.0.31.jar:/home/alessandro/.m2/repository/org/apache/tika/tika-parser-html-module/2.9.2/tika-parser-html-module-2.9.2.jar:/home/alessandro/.m2/repository/org/apache/tika/tika-parser-image-module/2.9.2/tika-parser-image-module-2.9.2.jar:/home/alessandro/.m2/repository/com/github/jai-imageio/jai-imageio-core/1.4.0/jai-imageio-core-1.4.0.jar:/home/alessandro/.m2/repository/org/apache/pdfbox/jbig2-imageio/3.0.4/jbig2-imageio-3.0.4.jar:/home/alessandro/.m2/repository/org/apache/tika/tika-parser-mail-module/2.9.2/tika-parser-mail-module-2.9.2.jar:/home/alessandro/.m2/repository/org/apache/tika/tika-parser-mail-commons/2.9.2/tika-parser-mail-commons-2.9.2.jar:/home/alessandro/.m2/repository/org/apache/james/apache-mime4j-core/0.8.11/apache-mime4j-core-0.8.11.jar:/home/alessandro/.m2/repository/org/apache/james/apache-mime4j-dom/0.8.11/apache-mime4j-dom-0.8.11.jar:/home/alessandro/.m2/repository/org/apache/tika/tika-parser-microsoft-module/2.9.2/tika-parser-microsoft-module-2.9.2.jar:/home/alessandro/.m2/repository/com/pff/java-libpst/0.9.3/java-libpst-0.9.3.jar:/home/alessandro/.m2/repository/org/apache/poi/poi/5.2.5/poi-5.2.5.jar:/home/alessandro/.m2/repository/org/apache/commons/commons-math3/3.6.1/commons-math3-3.6.1.jar:/home/alessandro/.m2/repository/com/zaxxer/SparseBitSet/1.3/SparseBitSet-1.3.jar:/home/alessandro/.m2/repository/org/apache/logging/log4j/log4j-api/2.24.3/log4j-api-2.24.3.jar:/home/alessandro/.m2/repository/org/apache/poi/poi-scratchpad/5.2.5/poi-scratchpad-5.2.5.jar:/home/alessandro/.m2/repository/org/apache/poi/poi-ooxml/5.2.5/poi-ooxml-5.2.5.jar:/home/alessandro/.m2/repository/org/apache/poi/poi-ooxml-lite/5.2.5/poi-ooxml-lite-5.2.5.jar:/home/alessandro/.m2/repository/org/apache/xmlbeans/xmlbeans/5.2.0/xmlbeans-5.2.0.jar:/home/alessandro/.m2/repository/com/github/virtuald/curvesapi/1.08/curvesapi-1.08.jar:/home/alessandro/.m2/repository/commons-logging/commons-logging/1.3.1/commons-logging-1.3.1.jar:/home/alessandro/.m2/repository/com/healthmarketscience/jackcess/jackcess/4.0.5/jackcess-4.0.5.jar:/home/alessandro/.m2/repository/com/healthmarketscience/jackcess/jackcess-encrypt/4.0.2/jackcess-encrypt-4.0.2.jar:/home/alessandro/.m2/repository/org/slf4j/jcl-over-slf4j/2.0.17/jcl-over-slf4j-2.0.17.jar:/home/alessandro/.m2/repository/org/apache/tika/tika-parser-miscoffice-module/2.9.2/tika-parser-miscoffice-module-2.9.2.jar:/home/alessandro/.m2/repository/org/apache/tika/tika-parser-news-module/2.9.2/tika-parser-news-module-2.9.2.jar:/home/alessandro/.m2/repository/com/rometools/rome/2.1.0/rome-2.1.0.jar:/home/alessandro/.m2/repository/com/rometools/rome-utils/2.1.0/rome-utils-2.1.0.jar:/home/alessandro/.m2/repository/org/jdom/jdom2/2.0.6.1/jdom2-2.0.6.1.jar:/home/alessandro/.m2/repository/org/apache/tika/tika-parser-ocr-module/2.9.2/tika-parser-ocr-module-2.9.2.jar:/home/alessandro/.m2/repository/org/apache/commons/commons-exec/1.4.0/commons-exec-1.4.0.jar:/home/alessandro/.m2/repository/org/apache/tika/tika-parser-pdf-module/2.9.2/tika-parser-pdf-module-2.9.2.jar:/home/alessandro/.m2/repository/org/apache/pdfbox/pdfbox/2.0.31/pdfbox-2.0.31.jar:/home/alessandro/.m2/repository/org/apache/pdfbox/pdfbox-tools/2.0.31/pdfbox-tools-2.0.31.jar:/home/alessandro/.m2/repository/org/apache/pdfbox/jempbox/1.8.17/jempbox-1.8.17.jar:/home/alessandro/.m2/repository/org/apache/tika/tika-parser-pkg-module/2.9.2/tika-parser-pkg-module-2.9.2.jar:/home/alessandro/.m2/repository/org/tukaani/xz/1.9/xz-1.9.jar:/home/alessandro/.m2/repository/org/brotli/dec/0.1.2/dec-0.1.2.jar:/home/alessandro/.m2/repository/com/github/junrar/junrar/7.5.5/junrar-7.5.5.jar:/home/alessandro/.m2/repository/org/apache/tika/tika-parser-text-module/2.9.2/tika-parser-text-module-2.9.2.jar:/home/alessandro/.m2/repository/com/github/albfernandez/juniversalchardet/2.4.0/juniversalchardet-2.4.0.jar:/home/alessandro/.m2/repository/org/apache/commons/commons-csv/1.10.0/commons-csv-1.10.0.jar:/home/alessandro/.m2/repository/org/apache/tika/tika-parser-webarchive-module/2.9.2/tika-parser-webarchive-module-2.9.2.jar:/home/alessandro/.m2/repository/org/netpreserve/jwarc/0.29.0/jwarc-0.29.0.jar:/home/alessandro/.m2/repository/org/apache/tika/tika-parser-xml-module/2.9.2/tika-parser-xml-module-2.9.2.jar:/home/alessandro/.m2/repository/xerces/xercesImpl/2.12.2/xercesImpl-2.12.2.jar:/home/alessandro/.m2/repository/xml-apis/xml-apis/1.4.01/xml-apis-1.4.01.jar:/home/alessandro/.m2/repository/org/apache/tika/tika-parser-xmp-commons/2.9.2/tika-parser-xmp-commons-2.9.2.jar:/home/alessandro/.m2/repository/org/apache/pdfbox/xmpbox/2.0.31/xmpbox-2.0.31.jar:/home/alessandro/.m2/repository/org/gagravarr/vorbis-java-tika/0.8/vorbis-java-tika-0.8.jar:/home/alessandro/.m2/repository/org/gagravarr/vorbis-java-core/0.8/vorbis-java-core-0.8.jar:/home/alessandro/.m2/repository/org/springframework/boot/spring-boot-configuration-processor/3.5.5/spring-boot-configuration-processor-3.5.5.jar:/home/alessandro/.m2/repository/org/junit/jupiter/junit-jupiter-api/5.10.1/junit-jupiter-api-5.10.1.jar:/home/alessandro/.m2/repository/org/opentest4j/opentest4j/1.3.0/opentest4j-1.3.0.jar:/home/alessandro/.m2/repository/org/junit/platform/junit-platform-commons/1.10.1/junit-platform-commons-1.10.1.jar:/home/alessandro/.m2/repository/org/apiguardian/apiguardian-api/1.1.2/apiguardian-api-1.1.2.jar:/home/alessandro/.m2/repository/org/junit/jupiter/junit-jupiter-engine/5.10.1/junit-jupiter-engine-5.10.1.jar:/home/alessandro/.m2/repository/org/junit/platform/junit-platform-engine/1.10.1/junit-platform-engine-1.10.1.jar:/home/alessandro/.m2/repository/org/junit/jupiter/junit-jupiter-params/5.10.1/junit-jupiter-params-5.10.1.jar:"/>
    <property name="sun.cpu.endian" value="little"/>
    <property name="user.home" value="/home/alessandro"/>
    <property name="user.language" value="en"/>
    <property name="java.specification.vendor" value="Oracle Corporation"/>
    <property name="java.version.date" value="2025-07-15"/>
    <property name="java.home" value="/usr/lib/jvm/java-21-openjdk-amd64"/>
    <property name="file.separator" value="/"/>
    <property name="basedir" value="/mnt/f/1-ProjetosIA/github/JSimpleRag"/>
    <property name="java.vm.compressedOopsMode" value="32-bit"/>
    <property name="line.separator" value="&#10;"/>
    <property name="java.vm.specification.vendor" value="Oracle Corporation"/>
    <property name="java.specification.name" value="Java Platform API Specification"/>
    <property name="FILE_LOG_CHARSET" value="UTF-8"/>
    <property name="java.awt.headless" value="true"/>
    <property name="surefire.real.class.path" value="/mnt/f/1-ProjetosIA/github/JSimpleRag/target/surefire/surefirebooter-20251014202744000_3.jar"/>
    <property name="sun.management.compiler" value="HotSpot 64-Bit Tiered Compilers"/>
    <property name="java.runtime.version" value="21.0.8+9-Debian-1"/>
    <property name="user.name" value="alessandro"/>
    <property name="stdout.encoding" value="UTF-8"/>
    <property name="path.separator" value=":"/>
    <property name="os.version" value="6.6.87.2-microsoft-standard-WSL2"/>
    <property name="java.runtime.name" value="OpenJDK Runtime Environment"/>
    <property name="file.encoding" value="UTF-8"/>
    <property name="FILE_LOG_PATTERN" value="%d{yyyy-MM-dd HH:mm:ss} [%thread] %-5level %logger{36} - %msg%n"/>
    <property name="java.vm.name" value="OpenJDK 64-Bit Server VM"/>
    <property name="localRepository" value="/home/alessandro/.m2/repository"/>
    <property name="java.vendor.url.bug" value="https://bugs.debian.org/openjdk-21"/>
    <property name="java.io.tmpdir" value="/tmp"/>
    <property name="java.version" value="21.0.8"/>
    <property name="user.dir" value="/mnt/f/1-ProjetosIA/github/JSimpleRag"/>
    <property name="os.arch" value="amd64"/>
    <property name="java.vm.specification.name" value="Java Virtual Machine Specification"/>
    <property name="PID" value="3364"/>
    <property name="CONSOLE_LOG_CHARSET" value="UTF-8"/>
    <property name="native.encoding" value="UTF-8"/>
    <property name="java.library.path" value="/usr/java/packages/lib:/usr/lib/x86_64-linux-gnu/jni:/lib/x86_64-linux-gnu:/usr/lib/x86_64-linux-gnu:/usr/lib/jni:/lib:/usr/lib"/>
    <property name="java.vm.info" value="mixed mode, sharing"/>
    <property name="stderr.encoding" value="UTF-8"/>
    <property name="java.vendor" value="Debian"/>
    <property name="java.vm.version" value="21.0.8+9-Debian-1"/>
    <property name="sun.io.unicode.encoding" value="UnicodeLittle"/>
    <property name="java.class.version" value="65.0"/>
    <property name="CONSOLE_LOG_PATTERN" value="%d{yyyy-MM-dd HH:mm:ss} - %logger{36} - %level - %msg%n"/>
    <property name="LOGGED_APPLICATION_NAME" value="[jsimplerag] "/>
  </properties>
  <testcase name="testLLMServiceModelArrayParsing" classname="bor.tools.simplerag.config.LLMServiceConfigTest" time="1.421">
    <system-out><![CDATA[
  .   ____          _            __ _ _
 /\\ / ___'_ __ _ _(_)_ __  __ _ \ \ \ \
( ( )\___ | '_ | '_| | '_ \/ _` | \ \ \ \
 \\/  ___)| |_)| | | | | || (_| |  ) ) ) )
  '  |____| .__|_| |_|_| |_\__, | / / / /
 =========|_|==============|___/=/_/_/_/

 :: Spring Boot ::                (v3.5.5)

2025-10-14 20:27:46 - b.t.s.config.LLMServiceConfigTest - INFO - Starting LLMServiceConfigTest using Java 21.0.8 with PID 3364 (started by alessandro in /mnt/f/1-ProjetosIA/github/JSimpleRag)
2025-10-14 20:27:46 - b.t.s.config.LLMServiceConfigTest - DEBUG - Running with Spring Boot v3.5.5, Spring v6.2.10
2025-10-14 20:27:46 - b.t.s.config.LLMServiceConfigTest - INFO - The following 1 profile is active: "test"
2025-10-14 20:27:47 - b.t.s.config.LLMServiceConfig - INFO - Initializing LLMService with provider: LM_STUDIO
2025-10-14 20:27:47 - b.t.s.config.LLMServiceConfig - INFO - LLM Models: qwen/qwen3-1.7b
2025-10-14 20:27:47 - b.t.s.config.LLMServiceConfig - INFO - Embedding Model: text-embedding-nomic-embed-text-v1.5@q8_0
2025-10-14 20:27:47 - b.t.s.config.LLMServiceConfig - INFO - Embedding Dimension: 768
2025-10-14 20:27:47 - b.t.s.config.LLMServiceConfig - INFO - LLMService initialized successfully
2025-10-14 20:27:47 - b.t.s.config.MultiLLMServiceConfig - INFO - Initializing Primary LLMService
2025-10-14 20:27:47 - b.t.s.config.MultiLLMServiceConfig - INFO -   Provider: LM_STUDIO
2025-10-14 20:27:47 - b.t.s.config.MultiLLMServiceConfig - INFO -   Models: qwen/qwen3-1.7b
2025-10-14 20:27:47 - b.t.s.config.MultiLLMServiceConfig - INFO -   Embedding Model: text-embedding-nomic-embed-text-v1.5@q8_0
2025-10-14 20:27:47 - b.t.s.config.MultiLLMServiceConfig - INFO -   Embedding Dimension: 768
2025-10-14 20:27:47 - b.t.s.config.MultiLLMServiceConfig - INFO - Primary LLMService initialized successfully
2025-10-14 20:27:47 - b.t.s.config.MultiLLMServiceConfig - INFO - Initializing LLMServiceManager
2025-10-14 20:27:47 - b.t.s.config.MultiLLMServiceConfig - INFO -   Strategy: FAILOVER
2025-10-14 20:27:47 - b.t.s.config.MultiLLMServiceConfig - INFO -   Max Retries: 3
2025-10-14 20:27:47 - b.t.s.config.MultiLLMServiceConfig - INFO -   Timeout: 30s
2025-10-14 20:27:47 - b.t.s.config.MultiLLMServiceConfig - INFO -   Total Providers: 2
2025-10-14 20:27:47 - b.t.s.service.llm.LLMServiceManager - INFO - LLMServiceManager created with 2 provider(s), strategy: FAILOVER
2025-10-14 20:27:47 - b.t.s.config.MultiLLMServiceConfig - INFO - LLMServiceManager initialized with 2 provider(s)
2025-10-14 20:27:47 - b.t.s.config.LLMServiceConfigTest - INFO - Started LLMServiceConfigTest in 2.032 seconds (process running for 3.731)
]]></system-out>
    <system-err><![CDATA[Mockito is currently self-attaching to enable the inline-mock-maker. This will no longer work in future releases of the JDK. Please add Mockito as an agent to your build as described in Mockito's documentation: https://javadoc.io/doc/org.mockito/mockito-core/latest/org.mockito/org/mockito/Mockito.html#0.3
WARNING: A Java agent has been loaded dynamically (/home/alessandro/.m2/repository/net/bytebuddy/byte-buddy-agent/1.17.7/byte-buddy-agent-1.17.7.jar)
WARNING: If a serviceability tool is in use, please run with -XX:+EnableDynamicAgentLoading to hide this warning
WARNING: If a serviceability tool is not in use, please run with -Djdk.instrument.traceUsage for more information
WARNING: Dynamic loading of agents will be disallowed by default in a future release
]]></system-err>
  </testcase>
  <testcase name="testLLMServicePropertiesValues" classname="bor.tools.simplerag.config.LLMServiceConfigTest" time="0.005"/>
  <testcase name="testLLMServicePropertiesBeanExists" classname="bor.tools.simplerag.config.LLMServiceConfigTest" time="0.002"/>
  <testcase name="testLLMServicePropertiesConfiguration" classname="bor.tools.simplerag.config.LLMServiceConfigTest" time="0.002"/>
  <testcase name="testLLMServiceBeanExists" classname="bor.tools.simplerag.config.LLMServiceConfigTest" time="0.001"/>
</testsuite>